<?xml version="1.0" encoding="UTF-8"?>
<robot generator="Robot 4.0.2 (Python 3.8.2 on win32)" generated="20210607 01:35:37.346" rpa="false" schemaversion="2">
<suite id="s1" name="TestGoogle" source="C:\Users\rony_\Documents\Projetos\TestGoogle\tests\TestGoogle.robot">
<test id="s1-t1" name="Caso de Teste 01: mostrar página">
<kw name="Abrir navegador" library="Resource" type="SETUP">
<kw name="Open Browser" library="SeleniumLibrary">
<arg>about:blank</arg>
<arg>${BROWSER}</arg>
<doc>Opens a new browser instance to the optional ``url``.</doc>
<msg timestamp="20210607 01:35:37.587" level="INFO">Opening browser 'chrome' to base url 'about:blank'.</msg>
<status status="PASS" starttime="20210607 01:35:37.587" endtime="20210607 01:35:38.916"/>
</kw>
<status status="PASS" starttime="20210607 01:35:37.587" endtime="20210607 01:35:38.917"/>
</kw>
<kw name="Acesse o google.com.br" library="Resource">
<kw name="Go To" library="SeleniumLibrary">
<arg>${URL}</arg>
<doc>Navigates the current browser window to the provided ``url``.</doc>
<msg timestamp="20210607 01:35:38.919" level="INFO">Opening url 'https://www.google.com.br/'</msg>
<status status="PASS" starttime="20210607 01:35:38.919" endtime="20210607 01:35:41.382"/>
</kw>
<kw name="Title Should Be" library="SeleniumLibrary">
<arg>Google</arg>
<doc>Verifies that the current page title equals ``title``.</doc>
<msg timestamp="20210607 01:35:41.386" level="INFO">Page title is 'Google'.</msg>
<status status="PASS" starttime="20210607 01:35:41.382" endtime="20210607 01:35:41.386"/>
</kw>
<status status="PASS" starttime="20210607 01:35:38.918" endtime="20210607 01:35:41.386"/>
</kw>
<kw name="Realize uma busca pelas palavras-chave “robot framework”" library="Resource" sourcename="Realize uma busca pelas palavras-chave “${PALAVRA-CHAVE}”">
<kw name="Input Text" library="SeleniumLibrary">
<arg>name=q</arg>
<arg>${PALAVRA-CHAVE}</arg>
<doc>Types the given ``text`` into the text field identified by ``locator``.</doc>
<msg timestamp="20210607 01:35:41.387" level="INFO">Typing text 'robot framework' into text field 'name=q'.</msg>
<status status="PASS" starttime="20210607 01:35:41.387" endtime="20210607 01:35:41.468"/>
</kw>
<kw name="Press Keys" library="SeleniumLibrary">
<arg>name=q</arg>
<arg>ENTER</arg>
<doc>Simulates the user pressing key(s) to an element or on the active browser.</doc>
<msg timestamp="20210607 01:35:41.469" level="INFO">Sending key(s) ('ENTER',) to name=q element.</msg>
<msg timestamp="20210607 01:35:41.962" level="INFO">Pressing special key ENTER to element.</msg>
<msg timestamp="20210607 01:35:41.962" level="INFO">Releasing special key ENTER.</msg>
<status status="PASS" starttime="20210607 01:35:41.468" endtime="20210607 01:35:43.603"/>
</kw>
<status status="PASS" starttime="20210607 01:35:41.387" endtime="20210607 01:35:43.603"/>
</kw>
<kw name="Cheque se a busca retornou resultados" library="Resource">
<kw name="Wait Until Element Is Visible" library="SeleniumLibrary">
<arg>id=result-stats</arg>
<doc>Waits until the element ``locator`` is visible.</doc>
<status status="PASS" starttime="20210607 01:35:43.604" endtime="20210607 01:35:43.628"/>
</kw>
<kw name="Title Should Be" library="SeleniumLibrary">
<arg>robot framework - Pesquisa Google</arg>
<doc>Verifies that the current page title equals ``title``.</doc>
<msg timestamp="20210607 01:35:43.632" level="INFO">Page title is 'robot framework - Pesquisa Google'.</msg>
<status status="PASS" starttime="20210607 01:35:43.628" endtime="20210607 01:35:43.632"/>
</kw>
<status status="PASS" starttime="20210607 01:35:43.603" endtime="20210607 01:35:43.632"/>
</kw>
<kw name="Acesse o terceiro resultado" library="Resource">
<kw name="Click Element" library="SeleniumLibrary">
<arg>css=#rso &gt; div:nth-child(3) &gt; div &gt; div &gt; div.tF2Cxc &gt; div.yuRUbf &gt; a</arg>
<doc>Click the element identified by ``locator``.</doc>
<msg timestamp="20210607 01:35:43.633" level="INFO">Clicking element 'css=#rso &gt; div:nth-child(3) &gt; div &gt; div &gt; div.tF2Cxc &gt; div.yuRUbf &gt; a'.</msg>
<status status="PASS" starttime="20210607 01:35:43.633" endtime="20210607 01:35:49.023"/>
</kw>
<status status="PASS" starttime="20210607 01:35:43.633" endtime="20210607 01:35:49.023"/>
</kw>
<kw name="Verifique se é mostrada a página esperada" library="Resource">
<kw name="Wait Until Element Is Visible" library="SeleniumLibrary">
<arg>css=#primary &gt; div.title-post2</arg>
<doc>Waits until the element ``locator`` is visible.</doc>
<status status="PASS" starttime="20210607 01:35:49.024" endtime="20210607 01:35:49.046"/>
</kw>
<kw name="Title Should Be" library="SeleniumLibrary">
<arg>O que é a ferramenta Robot Framework e como ela funciona?</arg>
<doc>Verifies that the current page title equals ``title``.</doc>
<msg timestamp="20210607 01:35:49.051" level="INFO">Page title is 'O que é a ferramenta Robot Framework e como ela funciona?'.</msg>
<status status="PASS" starttime="20210607 01:35:49.046" endtime="20210607 01:35:49.051"/>
</kw>
<kw name="Page Should Contain Image" library="SeleniumLibrary">
<arg>xpath=//*[@id="post-1553"]/div/p[1]/img</arg>
<doc>Verifies image identified by ``locator`` is found from current page.</doc>
<msg timestamp="20210607 01:35:49.064" level="INFO">Current page contains image 'xpath=//*[@id="post-1553"]/div/p[1]/img'.</msg>
<status status="PASS" starttime="20210607 01:35:49.051" endtime="20210607 01:35:49.064"/>
</kw>
<kw name="Page Should Contain Link" library="SeleniumLibrary">
<arg>xpath=//*[@id="post-1553"]/div/p[13]/a</arg>
<doc>Verifies link identified by ``locator`` is found from current page.</doc>
<msg timestamp="20210607 01:35:49.078" level="INFO">Current page contains link 'xpath=//*[@id="post-1553"]/div/p[13]/a'.</msg>
<status status="PASS" starttime="20210607 01:35:49.064" endtime="20210607 01:35:49.078"/>
</kw>
<status status="PASS" starttime="20210607 01:35:49.024" endtime="20210607 01:35:49.078"/>
</kw>
<kw name="Fechar navegador" library="Resource" type="TEARDOWN">
<kw name="Close Browser" library="SeleniumLibrary">
<doc>Closes the current browser.</doc>
<status status="PASS" starttime="20210607 01:35:49.079" endtime="20210607 01:35:51.208"/>
</kw>
<status status="PASS" starttime="20210607 01:35:49.079" endtime="20210607 01:35:51.208"/>
</kw>
<status status="PASS" starttime="20210607 01:35:37.586" endtime="20210607 01:35:51.210"/>
</test>
<status status="PASS" starttime="20210607 01:35:37.348" endtime="20210607 01:35:51.215"/>
</suite>
<statistics>
<total>
<stat pass="1" fail="0" skip="0">All Tests</stat>
</total>
<tag>
</tag>
<suite>
<stat pass="1" fail="0" skip="0" id="s1" name="TestGoogle">TestGoogle</stat>
</suite>
</statistics>
<errors>
</errors>
</robot>
